Electric Version 9.07
--------------- 0 --------------
  Mon Mar 24 21:20:49 EET 2025
Menu Activated: File | Open Library...
--------------- 1 --------------
  Mon Mar 24 21:20:58 EET 2025
Menu Activated: Tools | NCC | Run NCC for Schematic Cross-Probing
--------------- 2 --------------
  Mon Mar 24 21:21:14 EET 2025
Menu Activated: Tools | NCC | Schematic and Layout Views of Cell in Current Window
--------------- 3 --------------
  Mon Mar 24 21:25:31 EET 2025
ProcessKeyBinding 401 when=1742844331444 modifiers=200 code=12 char=ffff false false
--------------- 4 --------------
  Mon Mar 24 21:27:35 EET 2025
ProcessKeyBinding 401 when=1742844455490 modifiers=80 code=11 char=ffff false false
--------------- 5 --------------
  Mon Mar 24 21:27:36 EET 2025
ProcessKeyBinding 402 when=1742844456370 modifiers=0 code=11 char=ffff false false
--------------- 6 --------------
  Mon Mar 24 21:27:56 EET 2025
ProcessKeyBinding 401 when=1742844476306 modifiers=200 code=12 char=ffff false false
--------------- 7 --------------
  Mon Mar 24 21:28:10 EET 2025
Menu Activated: Tools | DRC | Check Hierarchically
--------------- 8 --------------
  Mon Mar 24 21:28:11 EET 2025
ProcessKeyBinding 401 when=1742844491266 modifiers=200 code=12 char=ffff false false
--------------- 9 --------------
  Mon Mar 24 21:28:23 EET 2025
Menu Activated: Tools | NCC | Schematic and Layout Views of Cell in Current Window
--------------- 10 --------------
  Mon Mar 24 21:28:23 EET 2025
ProcessKeyBinding 401 when=1742844503682 modifiers=200 code=12 char=ffff false false
